<?xml version="1.0" encoding="UTF-8"?>
<!-- Generated by org.testng.reporters.JUnitXMLReporter -->
<testsuite ignored="0" hostname="DESKTOP-Q1EGPP1" failures="0" tests="4" name="Command line test" time="13.002" errors="0" timestamp="2021-02-21T23:34:34 EET">
  <testcase classname="com.test.ui.SiteTest" name="thisSite" time="1.554"/>
  <testcase classname="com.test.ui.SiteTest" name="thisDress" time="0.258"/>
  <testcase classname="com.test.ui.SiteTest" name="blouse" time="1.574"/>
  <testcase classname="com.test.ui.SiteTest" name="addToCart" time="2.189"/>
</testsuite> <!-- Command line test -->
