<?xml version="1.0" encoding="UTF-8"?>
<testng-results ignored="0" total="4" passed="4" failed="0" skipped="0">
  <reporter-output>
  </reporter-output>
  <suite started-at="2021-02-21T23:34:21 EET" name="com.test.ui.SiteTest" finished-at="2021-02-21T23:34:34 EET" duration-ms="13002">
    <groups>
    </groups>
    <test started-at="2021-02-21T23:34:21 EET" name="Command line test" finished-at="2021-02-21T23:34:34 EET" duration-ms="13002">
      <class name="com.test.ui.SiteTest">
        <test-method is-config="true" signature="setupDriver()[pri:0, instance:com.test.ui.SiteTest@7586beff]" started-at="2021-02-21T23:34:22 EET" name="setupDriver" finished-at="2021-02-21T23:34:28 EET" duration-ms="6603" status="PASS">
          <reporter-output>
          </reporter-output>
        </test-method> <!-- setupDriver -->
        <test-method signature="thisSite()[pri:0, instance:com.test.ui.SiteTest@7586beff]" started-at="2021-02-21T23:34:28 EET" name="thisSite" finished-at="2021-02-21T23:34:30 EET" duration-ms="1554" status="PASS">
          <reporter-output>
          </reporter-output>
        </test-method> <!-- thisSite -->
        <test-method signature="thisDress()[pri:0, instance:com.test.ui.SiteTest@7586beff]" started-at="2021-02-21T23:34:30 EET" name="thisDress" finished-at="2021-02-21T23:34:30 EET" depends-on-methods="com.test.ui.SiteTest.thisSite" duration-ms="258" status="PASS">
          <reporter-output>
          </reporter-output>
        </test-method> <!-- thisDress -->
        <test-method signature="blouse()[pri:0, instance:com.test.ui.SiteTest@7586beff]" started-at="2021-02-21T23:34:30 EET" name="blouse" finished-at="2021-02-21T23:34:32 EET" depends-on-methods="com.test.ui.SiteTest.thisDress" duration-ms="1574" status="PASS">
          <reporter-output>
          </reporter-output>
        </test-method> <!-- blouse -->
        <test-method signature="addToCart()[pri:0, instance:com.test.ui.SiteTest@7586beff]" started-at="2021-02-21T23:34:32 EET" name="addToCart" finished-at="2021-02-21T23:34:34 EET" depends-on-methods="com.test.ui.SiteTest.blouse" duration-ms="2189" status="PASS">
          <reporter-output>
          </reporter-output>
        </test-method> <!-- addToCart -->
        <test-method is-config="true" signature="tearDown()[pri:0, instance:com.test.ui.SiteTest@7586beff]" started-at="2021-02-21T23:34:34 EET" name="tearDown" finished-at="2021-02-21T23:34:34 EET" duration-ms="689" status="PASS">
          <reporter-output>
          </reporter-output>
        </test-method> <!-- tearDown -->
      </class> <!-- com.test.ui.SiteTest -->
    </test> <!-- Command line test -->
  </suite> <!-- com.test.ui.SiteTest -->
</testng-results>
